2024/01/04 21:32:31 [notice] 1#1: using the "epoll" event method
2024/01/04 21:32:31 [notice] 1#1: nginx/1.25.3
2024/01/04 21:32:31 [notice] 1#1: built by gcc 12.2.0 (Debian 12.2.0-14) 
2024/01/04 21:32:31 [notice] 1#1: OS: Linux 6.2.0-1018-azure
2024/01/04 21:32:31 [notice] 1#1: getrlimit(RLIMIT_NOFILE): 1048576:1048576
2024/01/04 21:32:31 [notice] 1#1: start worker processes
2024/01/04 21:32:31 [notice] 1#1: start worker process 29
2024/01/04 21:32:31 [notice] 1#1: start worker process 30
2024/01/04 21:33:11 [notice] 1#1: signal 3 (SIGQUIT) received, shutting down
2024/01/04 21:33:11 [notice] 29#29: gracefully shutting down
2024/01/04 21:33:11 [notice] 29#29: exiting
2024/01/04 21:33:11 [notice] 29#29: exit
2024/01/04 21:33:11 [notice] 30#30: gracefully shutting down
2024/01/04 21:33:11 [notice] 30#30: exiting
2024/01/04 21:33:11 [notice] 30#30: exit
2024/01/04 21:33:11 [notice] 1#1: signal 17 (SIGCHLD) received from 29
2024/01/04 21:33:11 [notice] 1#1: worker process 29 exited with code 0
2024/01/04 21:33:11 [notice] 1#1: signal 29 (SIGIO) received
2024/01/04 21:33:11 [notice] 1#1: signal 17 (SIGCHLD) received from 30
2024/01/04 21:33:11 [notice] 1#1: worker process 30 exited with code 0
2024/01/04 21:33:11 [notice] 1#1: exit
